0 info it worked if it ends with ok
1 verbose cli [ 'C:\\Program Files\\nodejs\\node.exe',
1 verbose cli   'C:\\Program Files\\nodejs\\node_modules\\npm\\bin\\npm-cli.js',
1 verbose cli   'install',
1 verbose cli   '--save',
1 verbose cli   'fs' ]
2 info using npm@3.10.8
3 info using node@v7.0.0
4 silly loadCurrentTree Starting
5 silly install loadCurrentTree
6 silly install readLocalPackageData
7 silly fetchPackageMetaData fs@*
8 silly fetchNamedPackageData fs
9 silly mapToRegistry name fs
10 silly mapToRegistry using default registry
11 silly mapToRegistry registry https://registry.npmjs.org/
12 silly mapToRegistry data Result {
12 silly mapToRegistry   raw: 'fs',
12 silly mapToRegistry   scope: null,
12 silly mapToRegistry   escapedName: 'fs',
12 silly mapToRegistry   name: 'fs',
12 silly mapToRegistry   rawSpec: '',
12 silly mapToRegistry   spec: 'latest',
12 silly mapToRegistry   type: 'tag' }
13 silly mapToRegistry uri https://registry.npmjs.org/fs
14 verbose request uri https://registry.npmjs.org/fs
15 verbose request no auth needed
16 info attempt registry request try #1 at 16:39:54
17 verbose request id cca75c9efd55c16b
18 verbose etag W/"584addec-d57"
19 verbose lastModified Fri, 09 Dec 2016 16:38:04 GMT
20 http request GET https://registry.npmjs.org/fs
21 http 304 https://registry.npmjs.org/fs
22 verbose headers { date: 'Sat, 18 Mar 2017 15:39:33 GMT',
22 verbose headers   via: '1.1 varnish',
22 verbose headers   'cache-control': 'max-age=300',
22 verbose headers   etag: 'W/"584addec-d57"',
22 verbose headers   age: '67',
22 verbose headers   connection: 'keep-alive',
22 verbose headers   'x-served-by': 'cache-mad9424-MAD',
22 verbose headers   'x-cache': 'HIT',
22 verbose headers   'x-cache-hits': '1',
22 verbose headers   'x-timer': 'S1489851573.891458,VS0,VE0',
22 verbose headers   vary: 'Accept-Encoding' }
23 silly get cb [ 304,
23 silly get   { date: 'Sat, 18 Mar 2017 15:39:33 GMT',
23 silly get     via: '1.1 varnish',
23 silly get     'cache-control': 'max-age=300',
23 silly get     etag: 'W/"584addec-d57"',
23 silly get     age: '67',
23 silly get     connection: 'keep-alive',
23 silly get     'x-served-by': 'cache-mad9424-MAD',
23 silly get     'x-cache': 'HIT',
23 silly get     'x-cache-hits': '1',
23 silly get     'x-timer': 'S1489851573.891458,VS0,VE0',
23 silly get     vary: 'Accept-Encoding' } ]
24 verbose etag https://registry.npmjs.org/fs from cache
25 verbose get saving fs to C:\Users\Elk\AppData\Roaming\npm-cache\registry.npmjs.org\fs\.cache.json
26 verbose correctMkdir C:\Users\Elk\AppData\Roaming\npm-cache correctMkdir not in flight; initializing
27 silly install normalizeTree
28 silly loadCurrentTree Finishing
29 silly loadIdealTree Starting
30 silly install loadIdealTree
31 silly cloneCurrentTree Starting
32 silly install cloneCurrentTreeToIdealTree
33 silly cloneCurrentTree Finishing
34 silly loadShrinkwrap Starting
35 silly install loadShrinkwrap
36 silly loadShrinkwrap Finishing
37 silly loadAllDepsIntoIdealTree Starting
38 silly install loadAllDepsIntoIdealTree
39 silly resolveWithNewModule fs@0.0.0 checking installable status
40 silly cache add args [ 'fs@*', null ]
41 verbose cache add spec fs@*
42 silly cache add parsed spec Result {
42 silly cache add   raw: 'fs@*',
42 silly cache add   scope: null,
42 silly cache add   escapedName: 'fs',
42 silly cache add   name: 'fs',
42 silly cache add   rawSpec: '*',
42 silly cache add   spec: '*',
42 silly cache add   type: 'range' }
43 silly addNamed fs@*
44 verbose addNamed "*" is a valid semver range for fs
45 silly addNameRange { name: 'fs', range: '*', hasData: false }
46 silly mapToRegistry name fs
47 silly mapToRegistry using default registry
48 silly mapToRegistry registry https://registry.npmjs.org/
49 silly mapToRegistry data Result {
49 silly mapToRegistry   raw: 'fs',
49 silly mapToRegistry   scope: null,
49 silly mapToRegistry   escapedName: 'fs',
49 silly mapToRegistry   name: 'fs',
49 silly mapToRegistry   rawSpec: '',
49 silly mapToRegistry   spec: 'latest',
49 silly mapToRegistry   type: 'tag' }
50 silly mapToRegistry uri https://registry.npmjs.org/fs
51 verbose addNameRange registry:https://registry.npmjs.org/fs not in flight; fetching
52 verbose get https://registry.npmjs.org/fs not expired, no request
53 silly addNameRange number 2 { name: 'fs', range: '*', hasData: true }
54 silly addNameRange versions [ 'fs', [ '0.0.1-security', '0.0.0', '0.0.2' ] ]
55 silly addNamed fs@0.0.2
56 verbose addNamed "0.0.2" is a plain semver version for fs
57 silly cache afterAdd fs@0.0.2
58 verbose afterAdd C:\Users\Elk\AppData\Roaming\npm-cache\fs\0.0.2\package\package.json not in flight; writing
59 verbose correctMkdir C:\Users\Elk\AppData\Roaming\npm-cache correctMkdir not in flight; initializing
60 verbose afterAdd C:\Users\Elk\AppData\Roaming\npm-cache\fs\0.0.2\package\package.json written
61 silly rollbackFailedOptional Starting
62 silly rollbackFailedOptional Finishing
63 silly runTopLevelLifecycles Finishing
64 silly install printInstalled
65 verbose stack Error: Error extracting C:\Users\Elk\AppData\Roaming\npm-cache\fs\0.0.0\package.tgz archive: ENOENT: no such file or directory, open 'C:\Users\Elk\AppData\Roaming\npm-cache\fs\0.0.0\package.tgz'
65 verbose stack     at ReadStream.<anonymous> (C:\Program Files\nodejs\node_modules\npm\lib\fetch-package-metadata.js:309:10)
65 verbose stack     at emitOne (events.js:96:13)
65 verbose stack     at ReadStream.emit (events.js:188:7)
65 verbose stack     at C:\Program Files\nodejs\node_modules\npm\node_modules\graceful-fs\graceful-fs.js:181:14
65 verbose stack     at C:\Program Files\nodejs\node_modules\npm\node_modules\graceful-fs\graceful-fs.js:232:16
65 verbose stack     at FSReqWrap.oncomplete (fs.js:111:15)
66 verbose cwd C:\Users\Elk\Desktop\MMME\server
67 error Windows_NT 10.0.10240
68 error argv "C:\\Program Files\\nodejs\\node.exe" "C:\\Program Files\\nodejs\\node_modules\\npm\\bin\\npm-cli.js" "install" "--save" "fs"
69 error node v7.0.0
70 error npm  v3.10.8
71 error code EREADFILE
72 error Error extracting C:\Users\Elk\AppData\Roaming\npm-cache\fs\0.0.0\package.tgz archive: ENOENT: no such file or directory, open 'C:\Users\Elk\AppData\Roaming\npm-cache\fs\0.0.0\package.tgz'
73 error If you need help, you may report this error at:
73 error     <https://github.com/npm/npm/issues>
74 verbose exit [ 1, true ]
